0 info it worked if it ends with ok
1 verbose cli [ '/Users/djunker/.nvm/versions/node/v6.11.4/bin/node',
1 verbose cli   '/Users/djunker/.nvm/versions/node/v6.11.4/bin/npm',
1 verbose cli   'run',
1 verbose cli   'watch' ]
2 info using npm@3.10.10
3 info using node@v6.11.4
4 verbose run-script [ 'prewatch', 'watch', 'postwatch' ]
5 info lifecycle LocalStorageDBApp@0.0.1~prewatch: LocalStorageDBApp@0.0.1
6 silly lifecycle LocalStorageDBApp@0.0.1~prewatch: no script for prewatch, continuing
7 info lifecycle LocalStorageDBApp@0.0.1~watch: LocalStorageDBApp@0.0.1
8 verbose lifecycle LocalStorageDBApp@0.0.1~watch: unsafe-perm in lifecycle true
9 verbose lifecycle LocalStorageDBApp@0.0.1~watch: PATH: /Users/djunker/.nvm/versions/node/v6.11.4/lib/node_modules/npm/bin/node-gyp-bin:/Users/djunker/js/practice/webpack/node_modules/.bin:/Users/djunker/.nvm/versions/node/v6.11.4/bin:/usr/local/opt/node@6/bin:/opt/local/bin:/opt/local/sbin:/opt/subversion/bin:/usr/local/bin:/usr/bin:/bin:/usr/sbin:/sbin:/opt/X11/bin:/usr/local/git/bin:/usr/local/go/bin:/Library/Frameworks/Mono.framework/Versions/Current/Commands:/usr/texbin:/usr/local/bin:/Users/djunker/bin:/Users/djunker/bash/scripts:/Applications/Brahms/AgentEnvironment/lib/nss:/usr/local/share/npm/bin
10 verbose lifecycle LocalStorageDBApp@0.0.1~watch: CWD: /Users/djunker/js/practice/webpack
11 silly lifecycle LocalStorageDBApp@0.0.1~watch: Args: [ '-c',
11 silly lifecycle   'concurrently --kill-others "./node_modules/.bin/mocha --watch" "./node_modules/.bin/webpack-dev-server"' ]
12 silly lifecycle LocalStorageDBApp@0.0.1~watch: Returned: code: 1  signal: null
13 info lifecycle LocalStorageDBApp@0.0.1~watch: Failed to exec watch script
14 verbose stack Error: LocalStorageDBApp@0.0.1 watch: `concurrently --kill-others "./node_modules/.bin/mocha --watch" "./node_modules/.bin/webpack-dev-server"`
14 verbose stack Exit status 1
14 verbose stack     at EventEmitter.<anonymous> (/Users/djunker/.nvm/versions/node/v6.11.4/lib/node_modules/npm/lib/utils/lifecycle.js:255:16)
14 verbose stack     at emitTwo (events.js:106:13)
14 verbose stack     at EventEmitter.emit (events.js:191:7)
14 verbose stack     at ChildProcess.<anonymous> (/Users/djunker/.nvm/versions/node/v6.11.4/lib/node_modules/npm/lib/utils/spawn.js:40:14)
14 verbose stack     at emitTwo (events.js:106:13)
14 verbose stack     at ChildProcess.emit (events.js:191:7)
14 verbose stack     at maybeClose (internal/child_process.js:920:16)
14 verbose stack     at Process.ChildProcess._handle.onexit (internal/child_process.js:230:5)
15 verbose pkgid LocalStorageDBApp@0.0.1
16 verbose cwd /Users/djunker/js/practice/webpack
17 error Darwin 16.7.0
18 error argv "/Users/djunker/.nvm/versions/node/v6.11.4/bin/node" "/Users/djunker/.nvm/versions/node/v6.11.4/bin/npm" "run" "watch"
19 error node v6.11.4
20 error npm  v3.10.10
21 error code ELIFECYCLE
22 error LocalStorageDBApp@0.0.1 watch: `concurrently --kill-others "./node_modules/.bin/mocha --watch" "./node_modules/.bin/webpack-dev-server"`
22 error Exit status 1
23 error Failed at the LocalStorageDBApp@0.0.1 watch script 'concurrently --kill-others "./node_modules/.bin/mocha --watch" "./node_modules/.bin/webpack-dev-server"'.
23 error Make sure you have the latest version of node.js and npm installed.
23 error If you do, this is most likely a problem with the LocalStorageDBApp package,
23 error not with npm itself.
23 error Tell the author that this fails on your system:
23 error     concurrently --kill-others "./node_modules/.bin/mocha --watch" "./node_modules/.bin/webpack-dev-server"
23 error You can get information on how to open an issue for this project with:
23 error     npm bugs LocalStorageDBApp
23 error Or if that isn't available, you can get their info via:
23 error     npm owner ls LocalStorageDBApp
23 error There is likely additional logging output above.
24 verbose exit [ 1, true ]
